C51 COMPILER V9.50a   14BCE1130                                                            01/27/2017 17:14:58 PAGE 1   


C51 COMPILER V9.50a, COMPILATION OF MODULE 14BCE1130
OBJECT MODULE PLACED IN .\14BCE1130.obj
COMPILER INVOKED BY: C:\Keil VI\C51\BIN\C51.EXE ..\14BCE1130.c BROWSE DEBUG OBJECTEXTEND TABS(2) OBJECT(.\14BCE1130.obj)

line level    source

   1          #include<stdio.h>
   2          #include<reg51.h>
   3          
   4          void sinefunc();
   5          float x[16]={0,0.5,0.707,0.866,1.00,0.866,0.707,0.5,0,-0.5,-0.707,-0.866,-1,-0.866,-0.707,-0.5};
   6          int i=0;
   7          
   8          void main()
   9          {
  10   1      
  11   1        
  12   1        for(i=0;i<16;i++){
  13   2          x[i] = (5*(x[i]+1));
  14   2          x[i] = 25.5 * x[i];
  15   2          //P1 = x[i];
  16   2          }
  17   1            
  18   1          
  19   1          
  20   1          TMOD = 0x01;
  21   1          EA = 1;
  22   1          ET0 =1;
  23   1          TR0 = 1;
  24   1          while(1)
  25   1          {}
  26   1          
  27   1          //P1 = Dac[i];
  28   1      }
  29          
  30          void sinefunc() interrupt 1
  31          {
  32   1        if(i==16){
  33   2      
  34   2          i=0;
  35   2          }
  36   1      
  37   1          P1 = x[i];
  38   1          i++;
  39   1      
  40   1      
  41   1      }


MODULE INFORMATION:   STATIC OVERLAYABLE
   CODE SIZE        =    196    ----
   CONSTANT SIZE    =   ----    ----
   XDATA SIZE       =   ----    ----
   PDATA SIZE       =   ----    ----
   DATA SIZE        =     66    ----
   IDATA SIZE       =   ----    ----
   BIT SIZE         =   ----    ----
END OF MODULE INFORMATION.


C51 COMPILATION COMPLETE.  0 WARNING(S),  0 ERROR(S)
